Flutter crash report; please file at https://github.com/flutter/flutter/issues.

## command

flutter build ios --no-codesign -t lib/qr_camera.dart

## exception

FileSystemException: FileSystemException: Cannot open file, path = '/Users/hari/development/flutter_qr_mobile_vision/ios/Runner.xcodeproj/project.pbxproj' (OS Error: No such file or directory, errno = 2)

```
#0      _File.open.<anonymous closure> (dart:io/file_impl.dart:368:9)
#1      _rootRunUnary (dart:async/zone.dart:1132:38)
#2      _CustomZone.runUnary (dart:async/zone.dart:1029:19)
#3      _FutureListener.handleValue (dart:async/future_impl.dart:129:18)
#4      Future._propagateToListeners.handleValueCallback (dart:async/future_impl.dart:642:45)
#5      Future._propagateToListeners (dart:async/future_impl.dart:671:32)
#6      Future._completeWithValue (dart:async/future_impl.dart:486:5)
#7      Future._asyncComplete.<anonymous closure> (dart:async/future_impl.dart:516:7)
#8      _rootRun (dart:async/zone.dart:1124:13)
#9      _CustomZone.run (dart:async/zone.dart:1021:19)
#10     _CustomZone.bindCallback.<anonymous closure> (dart:async/zone.dart:947:23)
#11     _microtaskLoop (dart:async/schedule_microtask.dart:41:21)
#12     _startMicrotaskLoop (dart:async/schedule_microtask.dart:50:5)
#13     _runPendingImmediateCallback (dart:isolate/runtime/libisolate_patch.dart:115:13)
#14     _RawReceivePortImpl._handleMessage (dart:isolate/runtime/libisolate_patch.dart:172:5)
```

## flutter doctor

```
[✓] Flutter (Channel dev, v0.7.5, on Mac OS X 10.13.2 17C88, locale en-IN)
    • Flutter version 0.7.5 at /Users/hari/development/flutter
    • Framework revision eab5cd9853 (4 days ago), 2018-08-30 14:47:04 -0700
    • Engine revision dc7b5eb89d
    • Dart version 2.1.0-dev.3.0.flutter-760a9690c2

[✓] Android toolchain - develop for Android devices (Android SDK 27.0.3)
    • Android SDK at /Users/hari/Library/Android/sdk
    • Android NDK location not configured (optional; useful for native profiling support)
    • Platform android-27, build-tools 27.0.3
    • Java binary at: /Applications/Android Studio.app/Contents/jre/jdk/Contents/Home/bin/java
    • Java version OpenJDK Runtime Environment (build 1.8.0_152-release-1024-b01)
    • All Android licenses accepted.

[✓] iOS toolchain - develop for iOS devices (Xcode 9.4.1)
    • Xcode at /Applications/Xcode.app/Contents/Developer
    • Xcode 9.4.1, Build version 9F2000
    • ios-deploy 1.9.2
    • CocoaPods version 1.5.3

[✓] Android Studio (version 3.1)
    • Android Studio at /Applications/Android Studio.app/Contents
    • Flutter plugin version 27.1.1
    • Dart plugin version 173.4700
    • Java version OpenJDK Runtime Environment (build 1.8.0_152-release-1024-b01)

[✓] VS Code (version 1.26.1)
    • VS Code at /Applications/Visual Studio Code.app/Contents
    • Flutter extension version 2.17.1

[✓] Connected devices (1 available)
    • DUK L09 • FXYDU17919002542 • android-arm64 • Android 7.0 (API 24)

• No issues found!
```
